[debug] [2018-02-23T15:54:14.875Z] ----------------------------------------------------------------------
[debug] [2018-02-23T15:54:14.878Z] Command:       /Users/Looper/.nvm/versions/node/v6.9.1/bin/node /Users/Looper/.nvm/versions/node/v6.9.1/bin/firebase functions:config:set gmail.email=jen.looper@gmail.com gmail.password=JQASWebDev123#
[debug] [2018-02-23T15:54:14.878Z] CLI Version:   3.17.4
[debug] [2018-02-23T15:54:14.878Z] Platform:      darwin
[debug] [2018-02-23T15:54:14.878Z] Node Version:  v6.9.1
[debug] [2018-02-23T15:54:14.879Z] Time:          Fri Feb 23 2018 10:54:14 GMT-0500 (EST)
[debug] [2018-02-23T15:54:14.879Z] ----------------------------------------------------------------------
[debug] 
[debug] [2018-02-23T15:54:14.896Z] > command requires scopes: ["email","openid","https://www.googleapis.com/auth/cloudplatformprojects.readonly","https://www.googleapis.com/auth/firebase","https://www.googleapis.com/auth/cloud-platform"]
[debug] [2018-02-23T15:54:14.896Z] > authorizing via signed-in user
[debug] [2018-02-23T15:54:14.898Z] >>> HTTP REQUEST GET https://admin.firebase.com/v1/projects/vue-vixens  
  
 Fri Feb 23 2018 10:54:14 GMT-0500 (EST)
[debug] [2018-02-23T15:54:15.418Z] <<< HTTP RESPONSE 200
[debug] [2018-02-23T15:54:15.419Z] >>> HTTP REQUEST GET https://admin.firebase.com/v1/database/vue-vixens/tokens  
  
 Fri Feb 23 2018 10:54:15 GMT-0500 (EST)
[debug] [2018-02-23T15:54:15.925Z] <<< HTTP RESPONSE 200
[debug] [2018-02-23T15:54:15.926Z] >>> HTTP REQUEST GET https://servicemanagement.googleapis.com/v1/services/runtimeconfig.googleapis.com/projectSettings/vue-vixens?view=CONSUMER_VIEW  
  
 Fri Feb 23 2018 10:54:15 GMT-0500 (EST)
[debug] [2018-02-23T15:54:16.486Z] <<< HTTP RESPONSE 200
[debug] [2018-02-23T15:54:16.490Z] >>> HTTP REQUEST GET https://runtimeconfig.googleapis.com/v1beta1/projects/vue-vixens/configs/gmail/variables/email  
  
 Fri Feb 23 2018 10:54:16 GMT-0500 (EST)
[debug] [2018-02-23T15:54:16.490Z] >>> HTTP REQUEST GET https://runtimeconfig.googleapis.com/v1beta1/projects/vue-vixens/configs/gmail/variables/password  
  
 Fri Feb 23 2018 10:54:16 GMT-0500 (EST)
[debug] [2018-02-23T15:54:16.742Z] <<< HTTP RESPONSE 404
[debug] [2018-02-23T15:54:16.742Z] <<< HTTP RESPONSE BODY
[debug] [2018-02-23T15:54:16.744Z] >>> HTTP REQUEST POST https://runtimeconfig.googleapis.com/v1beta1/projects/vue-vixens/configs/gmail/variables  
 { name: 'projects/vue-vixens/configs/gmail/variables/email',
  text: 'jen.looper@gmail.com' } 
 Fri Feb 23 2018 10:54:16 GMT-0500 (EST)
[debug] [2018-02-23T15:54:16.750Z] <<< HTTP RESPONSE 404
[debug] [2018-02-23T15:54:16.750Z] <<< HTTP RESPONSE BODY
[debug] [2018-02-23T15:54:16.750Z] >>> HTTP REQUEST POST https://runtimeconfig.googleapis.com/v1beta1/projects/vue-vixens/configs/gmail/variables  
 { name: 'projects/vue-vixens/configs/gmail/variables/password',
  text: 'JQASWebDev123#' } 
 Fri Feb 23 2018 10:54:16 GMT-0500 (EST)
[debug] [2018-02-23T15:54:16.957Z] <<< HTTP RESPONSE 404
[debug] [2018-02-23T15:54:16.958Z] <<< HTTP RESPONSE BODY
[debug] [2018-02-23T15:54:16.959Z] >>> HTTP REQUEST POST https://runtimeconfig.googleapis.com/v1beta1/projects/vue-vixens/configs  
 { name: 'projects/vue-vixens/configs/gmail' } 
 Fri Feb 23 2018 10:54:16 GMT-0500 (EST)
[debug] [2018-02-23T15:54:16.964Z] <<< HTTP RESPONSE 404
[debug] [2018-02-23T15:54:16.964Z] <<< HTTP RESPONSE BODY
[debug] [2018-02-23T15:54:16.965Z] >>> HTTP REQUEST POST https://runtimeconfig.googleapis.com/v1beta1/projects/vue-vixens/configs  
 { name: 'projects/vue-vixens/configs/gmail' } 
 Fri Feb 23 2018 10:54:16 GMT-0500 (EST)
[debug] [2018-02-23T15:54:17.353Z] <<< HTTP RESPONSE 200
[debug] [2018-02-23T15:54:17.354Z] >>> HTTP REQUEST POST https://runtimeconfig.googleapis.com/v1beta1/projects/vue-vixens/configs/gmail/variables  
 { name: 'projects/vue-vixens/configs/gmail/variables/password',
  text: 'JQASWebDev123#' } 
 Fri Feb 23 2018 10:54:17 GMT-0500 (EST)
